This file contains any messages produced by compilers while
running configure, to aid debugging if configure makes a mistake.

It was created by configure, which was
generated by GNU Autoconf 2.53.  Invocation command line was

  $ ./configure --disable-static --build=i386-pc-mingw32

## --------- ##
## Platform. ##
## --------- ##

hostname = raskolnikov
uname -m = i686
uname -r = 1.5.12(0.116/4/2)
uname -s = CYGWIN_NT-5.1
uname -v = 2004-11-10 08:34

/usr/bin/uname -p = unknown
/bin/uname -X     = unknown

/bin/arch              = unknown
/usr/bin/arch -k       = unknown
/usr/convex/getsysinfo = unknown
hostinfo               = unknown
/bin/machine           = unknown
/usr/bin/oslevel       = unknown
/bin/universe          = unknown

PATH: /cygdrive/c/Dev-Cpp/bin
PATH: /cygdrive/c/GTK/bin
PATH: /usr/local/bin
PATH: /usr/bin
PATH: /bin
PATH: /usr/X11R6/bin
PATH: /cygdrive/c/Python24
PATH: /cygdrive/c/GTK/bin
PATH: /cygdrive/c/WINDOWS/system32
PATH: /cygdrive/c/WINDOWS
PATH: /cygdrive/c/WINDOWS/System32/Wbem


## ----------- ##
## Core tests. ##
## ----------- ##

configure:1286: checking for C++ compiler version
configure:1289: g++ -march=pentium --version </dev/null >&5
g++.exe (GCC) 3.3.1 (mingw special 20030804-1)
Copyright (C) 2003 Free Software Foundation, Inc.
This is free software; see the source for copying conditions.  There is NO
warranty; not even for MERCHANTABILITY or FITNESS FOR A PARTICULAR PURPOSE.

configure:1292: $? = 0
configure:1294: g++ -march=pentium -v </dev/null >&5
Reading specs from c:/Dev-Cpp/bin/../lib/gcc-lib/mingw32/3.3.1/specs
Configured with: ../gcc/configure --with-gcc --with-gnu-ld --with-gnu-as --host=mingw32 --target=mingw32 --prefix=/mingw --enable-threads --disable-nls --enable-languages=c,c++,f77,objc,ada,java --disable-win32-registry --disable-shared --enable-sjlj-exceptions --enable-libgcj --disable-java-awt --without-x --enable-java-gc=boehm --disable-libgcj-debug --enable-interpreter --enable-hash-synchronization
Thread model: win32
gcc version 3.3.1 (mingw special 20030804-1)
g++.exe: no input files
configure:1297: $? = 1
configure:1299: g++ -march=pentium -V </dev/null >&5
g++.exe: argument to `-V' missing

configure:1302: $? = 1
configure:1328: checking for C++ compiler default output
configure:1331: g++ -march=pentium    conftest.cc  >&5
configure:1334: $? = 0
configure:1367: result: a.exe
configure:1372: checking whether the C++ compiler works
configure:1378: ./a.exe
configure:1381: $? = 0
configure:1396: result: yes
configure:1403: checking whether we are cross compiling
configure:1405: result: no
configure:1408: checking for suffix of executables
configure:1410: g++ -march=pentium -o conftest.exe    conftest.cc  >&5
configure:1413: $? = 0
configure:1435: result: .exe
configure:1441: checking for suffix of object files
configure:1465: g++ -march=pentium -c   conftest.cc >&5
configure:1468: $? = 0
configure:1487: result: o
configure:1491: checking whether we are using the GNU C++ compiler
configure:1518: g++ -march=pentium -c   conftest.cc >&5
configure:1521: $? = 0
configure:1524: test -s conftest.o
configure:1527: $? = 0
configure:1539: result: yes
configure:1545: checking whether g++ -march=pentium accepts -g
configure:1569: g++ -march=pentium -c -g  conftest.cc >&5
configure:1572: $? = 0
configure:1575: test -s conftest.o
configure:1578: $? = 0
configure:1588: result: yes
configure:1634: g++ -march=pentium -c -g -O2  conftest.cc >&5
configure:1637: $? = 0
configure:1640: test -s conftest.o
configure:1643: $? = 0
configure:1671: g++ -march=pentium -c -g -O2  conftest.cc >&5
configure: In function `int main()':
configure:1663: error: `exit' undeclared (first use this function)
configure:1663: error: (Each undeclared identifier is reported only once for 
   each function it appears in.)
configure:1674: $? = 1
configure: failed program was:
#line 1652 "configure"
#include "confdefs.h"

#ifdef F77_DUMMY_MAIN
#  ifdef __cplusplus
     extern "C"
#  endif
   int F77_DUMMY_MAIN() { return 1; }
#endif
int
main ()
{
exit (42);
  ;
  return 0;
}
configure:1634: g++ -march=pentium -c -g -O2  conftest.cc >&5
configure:1637: $? = 0
configure:1640: test -s conftest.o
configure:1643: $? = 0
configure:1671: g++ -march=pentium -c -g -O2  conftest.cc >&5
configure:1674: $? = 0
configure:1677: test -s conftest.o
configure:1680: $? = 0
configure:1749: checking for gcc
configure:1765: found /cygdrive/c/Dev-Cpp/bin/gcc
configure:1775: result: gcc
configure:2019: checking for C compiler version
configure:2022: gcc --version </dev/null >&5
gcc.exe (GCC) 3.3.1 (mingw special 20030804-1)
Copyright (C) 2003 Free Software Foundation, Inc.
This is free software; see the source for copying conditions.  There is NO
warranty; not even for MERCHANTABILITY or FITNESS FOR A PARTICULAR PURPOSE.

configure:2025: $? = 0
configure:2027: gcc -v </dev/null >&5
Reading specs from c:/Dev-Cpp/bin/../lib/gcc-lib/mingw32/3.3.1/specs
Configured with: ../gcc/configure --with-gcc --with-gnu-ld --with-gnu-as --host=mingw32 --target=mingw32 --prefix=/mingw --enable-threads --disable-nls --enable-languages=c,c++,f77,objc,ada,java --disable-win32-registry --disable-shared --enable-sjlj-exceptions --enable-libgcj --disable-java-awt --without-x --enable-java-gc=boehm --disable-libgcj-debug --enable-interpreter --enable-hash-synchronization
Thread model: win32
gcc version 3.3.1 (mingw special 20030804-1)
configure:2030: $? = 0
configure:2032: gcc -V </dev/null >&5
gcc.exe: `-V' option must have argument
configure:2035: $? = 1
configure:2038: checking whether we are using the GNU C compiler
configure:2065: gcc -c   conftest.c >&5
configure:2068: $? = 0
configure:2071: test -s conftest.o
configure:2074: $? = 0
configure:2086: result: yes
configure:2092: checking whether gcc accepts -g
configure:2116: gcc -c -g  conftest.c >&5
configure:2119: $? = 0
configure:2122: test -s conftest.o
configure:2125: $? = 0
configure:2135: result: yes
configure:2162: gcc -c -g -O2  conftest.c >&5
conftest.c:2: error: parse error before "me"
configure:2165: $? = 1
configure: failed program was:
#ifndef __cplusplus
  choke me
#endif
configure:2281: checking how to run the C preprocessor
configure:2307: gcc -E  conftest.c
configure:2313: $? = 0
configure:2340: gcc -E  conftest.c
configure:2336:28: ac_nonexistent.h: No such file or directory
configure:2346: $? = 1
configure: failed program was:
#line 2335 "configure"
#include "confdefs.h"
#include <ac_nonexistent.h>
configure:2383: result: gcc -E
configure:2398: gcc -E  conftest.c
configure:2404: $? = 0
configure:2431: gcc -E  conftest.c
configure:2427:28: ac_nonexistent.h: No such file or directory
configure:2437: $? = 1
configure: failed program was:
#line 2426 "configure"
#include "confdefs.h"
#include <ac_nonexistent.h>
configure:2477: checking for ANSI C header files
configure:2491: gcc -E  conftest.c
configure:2497: $? = 0
configure:2582: gcc -o conftest.exe -g -O2   conftest.c  >&5
configure:2585: $? = 0
configure:2587: ./conftest.exe
configure:2590: $? = 0
configure:2604: result: yes
configure:2628: checking for sys/types.h
configure:2641: gcc -c -g -O2  conftest.c >&5
configure:2644: $? = 0
configure:2647: test -s conftest.o
configure:2650: $? = 0
configure:2660: result: yes
configure:2628: checking for sys/stat.h
configure:2641: gcc -c -g -O2  conftest.c >&5
configure:2644: $? = 0
configure:2647: test -s conftest.o
configure:2650: $? = 0
configure:2660: result: yes
configure:2628: checking for stdlib.h
configure:2641: gcc -c -g -O2  conftest.c >&5
configure:2644: $? = 0
configure:2647: test -s conftest.o
configure:2650: $? = 0
configure:2660: result: yes
configure:2628: checking for string.h
configure:2641: gcc -c -g -O2  conftest.c >&5
configure:2644: $? = 0
configure:2647: test -s conftest.o
configure:2650: $? = 0
configure:2660: result: yes
configure:2628: checking for memory.h
configure:2641: gcc -c -g -O2  conftest.c >&5
configure:2644: $? = 0
configure:2647: test -s conftest.o
configure:2650: $? = 0
configure:2660: result: yes
configure:2628: checking for strings.h
configure:2641: gcc -c -g -O2  conftest.c >&5
configure:2644: $? = 0
configure:2647: test -s conftest.o
configure:2650: $? = 0
configure:2660: result: yes
configure:2628: checking for inttypes.h
configure:2641: gcc -c -g -O2  conftest.c >&5
configure:2644: $? = 0
configure:2647: test -s conftest.o
configure:2650: $? = 0
configure:2660: result: yes
configure:2628: checking for stdint.h
configure:2641: gcc -c -g -O2  conftest.c >&5
configure:2644: $? = 0
configure:2647: test -s conftest.o
configure:2650: $? = 0
configure:2660: result: yes
configure:2628: checking for unistd.h
configure:2641: gcc -c -g -O2  conftest.c >&5
configure:2644: $? = 0
configure:2647: test -s conftest.o
configure:2650: $? = 0
configure:2660: result: yes
configure:2687: checking fcntl.h usability
configure:2696: gcc -c -g -O2  conftest.c >&5
configure:2699: $? = 0
configure:2702: test -s conftest.o
configure:2705: $? = 0
configure:2714: result: yes
configure:2718: checking fcntl.h presence
configure:2725: gcc -E  conftest.c
configure:2731: $? = 0
configure:2749: result: yes
configure:2767: checking for fcntl.h
configure:2774: result: yes
configure:2678: checking for unistd.h
configure:2683: result: yes
configure:2788: checking whether byte ordering is bigendian
configure:2818: gcc -c -g -O2  conftest.c >&5
configure:2821: $? = 0
configure:2824: test -s conftest.o
configure:2827: $? = 0
configure:2854: gcc -c -g -O2  conftest.c >&5
configure: In function `main':
configure:2844: error: `not' undeclared (first use in this function)
configure:2844: error: (Each undeclared identifier is reported only once
configure:2844: error: for each function it appears in.)
configure:2844: error: parse error before "big"
configure:2857: $? = 1
configure: failed program was:
#line 2830 "configure"
#include "confdefs.h"
#include <sys/types.h>
#include <sys/param.h>

#ifdef F77_DUMMY_MAIN
#  ifdef __cplusplus
     extern "C"
#  endif
   int F77_DUMMY_MAIN() { return 1; }
#endif
int
main ()
{
#if BYTE_ORDER != BIG_ENDIAN
 not big endian
#endif

  ;
  return 0;
}
configure:2971: result: no
configure:2994: checking for vprintf
configure:3037: gcc -o conftest.exe -g -O2   conftest.c  >&5
configure:3009: warning: conflicting types for built-in function `vprintf'
configure:3040: $? = 0
configure:3043: test -s conftest.exe
configure:3046: $? = 0
configure:3056: result: yes
configure:3063: checking for _doprnt
configure:3106: gcc -o conftest.exe -g -O2   conftest.c  >&5
c:\DOCUME~1\jbm\LOCALS~1\Temp/ccknaaaa.o(.text+0x16): In function `main':
c:/Documents and Settings/jbm/Desktop/nav/iso8211lib/configure:3096: undefined reference to `_doprnt'
configure:3109: $? = 1
configure: failed program was:
#line 3068 "configure"
#include "confdefs.h"
/* System header to define __stub macros and hopefully few prototypes,
    which can conflict with char _doprnt (); below.  */
#include <assert.h>
/* Override any gcc2 internal prototype to avoid an error.  */
#ifdef __cplusplus
extern "C"
#endif
/* We use char because int might match the return type of a gcc2
   builtin and then its argument prototype would still apply.  */
char _doprnt ();
char (*f) ();

#ifdef F77_DUMMY_MAIN
#  ifdef __cplusplus
     extern "C"
#  endif
   int F77_DUMMY_MAIN() { return 1; }
#endif
int
main ()
{
/* The GNU C library defines this for functions which it implements
    to always fail with ENOSYS.  Some functions are actually named
    something starting with __ and the normal name is an alias.  */
#if defined (__stub__doprnt) || defined (__stub____doprnt)
choke me
#else
f = _doprnt;
#endif

  ;
  return 0;
}
configure:3125: result: no
configure:3241: creating ./config.status

## ---------------------- ##
## Running config.status. ##
## ---------------------- ##

This file was extended by config.status, which was
generated by GNU Autoconf 2.53.  Invocation command line was

  CONFIG_FILES    = 
  CONFIG_HEADERS  = 
  CONFIG_LINKS    = 
  CONFIG_COMMANDS = 
  $ ./config.status 

on raskolnikov

config.status:563: creating Makefile
config.status:666: creating cpl_config.h
config.status:775: cpl_config.h is unchanged

## ---------------- ##
## Cache variables. ##
## ---------------- ##

ac_cv_c_bigendian=no
ac_cv_c_compiler_gnu=yes
ac_cv_cxx_compiler_gnu=yes
ac_cv_env_CC_set=
ac_cv_env_CC_value=
ac_cv_env_CFLAGS_set=
ac_cv_env_CFLAGS_value=
ac_cv_env_CPPFLAGS_set=
ac_cv_env_CPPFLAGS_value=
ac_cv_env_CPP_set=
ac_cv_env_CPP_value=
ac_cv_env_CXXFLAGS_set=
ac_cv_env_CXXFLAGS_value=
ac_cv_env_CXX_set=set
ac_cv_env_CXX_value='g++ -march=pentium'
ac_cv_env_LDFLAGS_set=
ac_cv_env_LDFLAGS_value=
ac_cv_env_build_alias_set=set
ac_cv_env_build_alias_value=i386-pc-mingw32
ac_cv_env_host_alias_set=
ac_cv_env_host_alias_value=
ac_cv_env_target_alias_set=
ac_cv_env_target_alias_value=
ac_cv_exeext=.exe
ac_cv_func__doprnt=no
ac_cv_func_vprintf=yes
ac_cv_header_fcntl_h=yes
ac_cv_header_inttypes_h=yes
ac_cv_header_memory_h=yes
ac_cv_header_stdc=yes
ac_cv_header_stdint_h=yes
ac_cv_header_stdlib_h=yes
ac_cv_header_string_h=yes
ac_cv_header_strings_h=yes
ac_cv_header_sys_stat_h=yes
ac_cv_header_sys_types_h=yes
ac_cv_header_unistd_h=yes
ac_cv_objext=o
ac_cv_prog_CPP='gcc -E'
ac_cv_prog_ac_ct_CC=gcc
ac_cv_prog_cc_g=yes
ac_cv_prog_cxx_g=yes

## ----------- ##
## confdefs.h. ##
## ----------- ##

#define PACKAGE_NAME ""
#define PACKAGE_TARNAME ""
#define PACKAGE_VERSION ""
#define PACKAGE_STRING ""
#define PACKAGE_BUGREPORT ""
#ifdef __cplusplus
#include <stdlib.h>
#endif
#define STDC_HEADERS 1
#define HAVE_SYS_TYPES_H 1
#define HAVE_SYS_STAT_H 1
#define HAVE_STDLIB_H 1
#define HAVE_STRING_H 1
#define HAVE_MEMORY_H 1
#define HAVE_STRINGS_H 1
#define HAVE_INTTYPES_H 1
#define HAVE_STDINT_H 1
#define HAVE_UNISTD_H 1
#define HAVE_FCNTL_H 1
#define HAVE_UNISTD_H 1
#define HAVE_VPRINTF 1
#define USE_GNUCC 1

configure: exit 0
